CRITICAL - 2024-05-02 04:10:02 --> Undefined variable $title
#0 E:\laragon\www\inventaris\inventaris\app\Views\header.php(12): CodeIgniter\Debug\Exceptions->errorHandler(2, 'Undefined varia...', 'E:\\laragon\\www\\...', 12)
#1 E:\laragon\www\inventaris\inventaris\system\View\View.php(210): include('E:\\laragon\\www\\...')
#2 E:\laragon\www\inventaris\inventaris\system\View\View.php(213): CodeIgniter\View\View->CodeIgniter\View\{closure}()
#3 E:\laragon\www\inventaris\inventaris\system\View\View.php(226): CodeIgniter\View\View->render('header', Array, true)
#4 E:\laragon\www\inventaris\inventaris\system\Common.php(1089): CodeIgniter\View\View->render('manajemenuser', Array, true)
#5 E:\laragon\www\inventaris\inventaris\app\Controllers\ManajemenUser.php(17): view('manajemenuser')
#6 E:\laragon\www\inventaris\inventaris\system\CodeIgniter.php(834): App\Controllers\ManajemenUser->index()
#7 E:\laragon\www\inventaris\inventaris\system\CodeIgniter.php(421): CodeIgniter\CodeIgniter->runController(Object(App\Controllers\ManajemenUser))
#8 E:\laragon\www\inventaris\inventaris\system\CodeIgniter.php(328): CodeIgniter\CodeIgniter->handleRequest(NULL, Object(Config\Cache), false)
#9 E:\laragon\www\inventaris\inventaris\public\index.php(37): CodeIgniter\CodeIgniter->run()
#10 E:\laragon\www\inventaris\inventaris\system\Commands\Server\rewrite.php(43): require_once('E:\\laragon\\www\\...')
#11 {main}
CRITICAL - 2024-05-02 04:12:58 --> Undefined variable $flash
#0 E:\laragon\www\inventaris\inventaris\app\Views\manajemenuser.php(38): CodeIgniter\Debug\Exceptions->errorHandler(2, 'Undefined varia...', 'E:\\laragon\\www\\...', 38)
#1 E:\laragon\www\inventaris\inventaris\system\View\View.php(210): include('E:\\laragon\\www\\...')
#2 E:\laragon\www\inventaris\inventaris\system\View\View.php(213): CodeIgniter\View\View->CodeIgniter\View\{closure}()
#3 E:\laragon\www\inventaris\inventaris\system\Common.php(1089): CodeIgniter\View\View->render('manajemenuser', Array, true)
#4 E:\laragon\www\inventaris\inventaris\app\Controllers\ManajemenUser.php(20): view('manajemenuser', Array)
#5 E:\laragon\www\inventaris\inventaris\system\CodeIgniter.php(834): App\Controllers\ManajemenUser->index()
#6 E:\laragon\www\inventaris\inventaris\system\CodeIgniter.php(421): CodeIgniter\CodeIgniter->runController(Object(App\Controllers\ManajemenUser))
#7 E:\laragon\www\inventaris\inventaris\system\CodeIgniter.php(328): CodeIgniter\CodeIgniter->handleRequest(NULL, Object(Config\Cache), false)
#8 E:\laragon\www\inventaris\inventaris\public\index.php(37): CodeIgniter\CodeIgniter->run()
#9 E:\laragon\www\inventaris\inventaris\system\Commands\Server\rewrite.php(43): require_once('E:\\laragon\\www\\...')
#10 {main}
CRITICAL - 2024-05-02 04:31:42 --> Undefined variable $flash
#0 E:\laragon\www\inventaris\inventaris\app\Views\manajemenuser.php(38): CodeIgniter\Debug\Exceptions->errorHandler(2, 'Undefined varia...', 'E:\\laragon\\www\\...', 38)
#1 E:\laragon\www\inventaris\inventaris\system\View\View.php(210): include('E:\\laragon\\www\\...')
#2 E:\laragon\www\inventaris\inventaris\system\View\View.php(213): CodeIgniter\View\View->CodeIgniter\View\{closure}()
#3 E:\laragon\www\inventaris\inventaris\system\Common.php(1089): CodeIgniter\View\View->render('manajemenuser', Array, true)
#4 E:\laragon\www\inventaris\inventaris\app\Controllers\ManajemenUser.php(20): view('manajemenuser', Array)
#5 E:\laragon\www\inventaris\inventaris\system\CodeIgniter.php(834): App\Controllers\ManajemenUser->index()
#6 E:\laragon\www\inventaris\inventaris\system\CodeIgniter.php(421): CodeIgniter\CodeIgniter->runController(Object(App\Controllers\ManajemenUser))
#7 E:\laragon\www\inventaris\inventaris\system\CodeIgniter.php(328): CodeIgniter\CodeIgniter->handleRequest(NULL, Object(Config\Cache), false)
#8 E:\laragon\www\inventaris\inventaris\public\index.php(37): CodeIgniter\CodeIgniter->run()
#9 E:\laragon\www\inventaris\inventaris\system\Commands\Server\rewrite.php(43): require_once('E:\\laragon\\www\\...')
#10 {main}
CRITICAL - 2024-05-02 04:40:18 --> Class "App\Controllers\Akun_model" not found
#0 E:\laragon\www\inventaris\inventaris\system\CodeIgniter.php(811): App\Controllers\ManajemenUser->__construct()
#1 E:\laragon\www\inventaris\inventaris\system\CodeIgniter.php(412): CodeIgniter\CodeIgniter->createController()
#2 E:\laragon\www\inventaris\inventaris\system\CodeIgniter.php(328): CodeIgniter\CodeIgniter->handleRequest(NULL, Object(Config\Cache), false)
#3 E:\laragon\www\inventaris\inventaris\public\index.php(37): CodeIgniter\CodeIgniter->run()
#4 E:\laragon\www\inventaris\inventaris\system\Commands\Server\rewrite.php(43): require_once('E:\\laragon\\www\\...')
#5 {main}
CRITICAL - 2024-05-02 04:40:56 --> Class "App\Controllers\Akun_model" not found
#0 E:\laragon\www\inventaris\inventaris\system\CodeIgniter.php(811): App\Controllers\ManajemenUser->__construct()
#1 E:\laragon\www\inventaris\inventaris\system\CodeIgniter.php(412): CodeIgniter\CodeIgniter->createController()
#2 E:\laragon\www\inventaris\inventaris\system\CodeIgniter.php(328): CodeIgniter\CodeIgniter->handleRequest(NULL, Object(Config\Cache), false)
#3 E:\laragon\www\inventaris\inventaris\public\index.php(37): CodeIgniter\CodeIgniter->run()
#4 E:\laragon\www\inventaris\inventaris\system\Commands\Server\rewrite.php(43): require_once('E:\\laragon\\www\\...')
#5 {main}
ERROR - 2024-05-02 04:41:33 --> Table 'db_inventaris.tb_akun' doesn't exist
CRITICAL - 2024-05-02 04:41:33 --> Table 'db_inventaris.tb_akun' doesn't exist
#0 E:\laragon\www\inventaris\inventaris\system\Database\MySQLi\Connection.php(292): mysqli->query('SELECT *\nFROM `...', 0)
#1 E:\laragon\www\inventaris\inventaris\system\Database\BaseConnection.php(670): CodeIgniter\Database\MySQLi\Connection->execute('SELECT *\nFROM `...')
#2 E:\laragon\www\inventaris\inventaris\system\Database\BaseConnection.php(598): CodeIgniter\Database\BaseConnection->simpleQuery('SELECT *\nFROM `...')
#3 E:\laragon\www\inventaris\inventaris\system\Database\BaseBuilder.php(1455): CodeIgniter\Database\BaseConnection->query('SELECT *\nFROM `...', Array, false)
#4 E:\laragon\www\inventaris\inventaris\app\Models\Akun_model.php(14): CodeIgniter\Database\BaseBuilder->get()
#5 E:\laragon\www\inventaris\inventaris\app\Controllers\ManajemenUser.php(23): App\Models\Akun_model->get_akun()
#6 E:\laragon\www\inventaris\inventaris\system\CodeIgniter.php(834): App\Controllers\ManajemenUser->index()
#7 E:\laragon\www\inventaris\inventaris\system\CodeIgniter.php(421): CodeIgniter\CodeIgniter->runController(Object(App\Controllers\ManajemenUser))
#8 E:\laragon\www\inventaris\inventaris\system\CodeIgniter.php(328): CodeIgniter\CodeIgniter->handleRequest(NULL, Object(Config\Cache), false)
#9 E:\laragon\www\inventaris\inventaris\public\index.php(37): CodeIgniter\CodeIgniter->run()
#10 E:\laragon\www\inventaris\inventaris\system\Commands\Server\rewrite.php(43): require_once('E:\\laragon\\www\\...')
#11 {main}
CRITICAL - 2024-05-02 04:50:30 --> Undefined variable $flash
#0 E:\laragon\www\inventaris\inventaris\app\Views\manajemenuser.php(38): CodeIgniter\Debug\Exceptions->errorHandler(2, 'Undefined varia...', 'E:\\laragon\\www\\...', 38)
#1 E:\laragon\www\inventaris\inventaris\system\View\View.php(210): include('E:\\laragon\\www\\...')
#2 E:\laragon\www\inventaris\inventaris\system\View\View.php(213): CodeIgniter\View\View->CodeIgniter\View\{closure}()
#3 E:\laragon\www\inventaris\inventaris\system\Common.php(1089): CodeIgniter\View\View->render('manajemenuser', Array, true)
#4 E:\laragon\www\inventaris\inventaris\app\Controllers\ManajemenUser.php(26): view('manajemenuser', Array)
#5 E:\laragon\www\inventaris\inventaris\system\CodeIgniter.php(834): App\Controllers\ManajemenUser->index()
#6 E:\laragon\www\inventaris\inventaris\system\CodeIgniter.php(421): CodeIgniter\CodeIgniter->runController(Object(App\Controllers\ManajemenUser))
#7 E:\laragon\www\inventaris\inventaris\system\CodeIgniter.php(328): CodeIgniter\CodeIgniter->handleRequest(NULL, Object(Config\Cache), false)
#8 E:\laragon\www\inventaris\inventaris\public\index.php(37): CodeIgniter\CodeIgniter->run()
#9 E:\laragon\www\inventaris\inventaris\system\Commands\Server\rewrite.php(43): require_once('E:\\laragon\\www\\...')
#10 {main}
CRITICAL - 2024-05-02 04:51:26 --> Undefined variable $currentPage
#0 E:\laragon\www\inventaris\inventaris\app\Views\manajemenuser.php(55): CodeIgniter\Debug\Exceptions->errorHandler(2, 'Undefined varia...', 'E:\\laragon\\www\\...', 55)
#1 E:\laragon\www\inventaris\inventaris\system\View\View.php(210): include('E:\\laragon\\www\\...')
#2 E:\laragon\www\inventaris\inventaris\system\View\View.php(213): CodeIgniter\View\View->CodeIgniter\View\{closure}()
#3 E:\laragon\www\inventaris\inventaris\system\Common.php(1089): CodeIgniter\View\View->render('manajemenuser', Array, true)
#4 E:\laragon\www\inventaris\inventaris\app\Controllers\ManajemenUser.php(26): view('manajemenuser', Array)
#5 E:\laragon\www\inventaris\inventaris\system\CodeIgniter.php(834): App\Controllers\ManajemenUser->index()
#6 E:\laragon\www\inventaris\inventaris\system\CodeIgniter.php(421): CodeIgniter\CodeIgniter->runController(Object(App\Controllers\ManajemenUser))
#7 E:\laragon\www\inventaris\inventaris\system\CodeIgniter.php(328): CodeIgniter\CodeIgniter->handleRequest(NULL, Object(Config\Cache), false)
#8 E:\laragon\www\inventaris\inventaris\public\index.php(37): CodeIgniter\CodeIgniter->run()
#9 E:\laragon\www\inventaris\inventaris\system\Commands\Server\rewrite.php(43): require_once('E:\\laragon\\www\\...')
#10 {main}
CRITICAL - 2024-05-02 04:51:46 --> Undefined variable $i
#0 E:\laragon\www\inventaris\inventaris\app\Views\manajemenuser.php(60): CodeIgniter\Debug\Exceptions->errorHandler(2, 'Undefined varia...', 'E:\\laragon\\www\\...', 60)
#1 E:\laragon\www\inventaris\inventaris\system\View\View.php(210): include('E:\\laragon\\www\\...')
#2 E:\laragon\www\inventaris\inventaris\system\View\View.php(213): CodeIgniter\View\View->CodeIgniter\View\{closure}()
#3 E:\laragon\www\inventaris\inventaris\system\Common.php(1089): CodeIgniter\View\View->render('manajemenuser', Array, true)
#4 E:\laragon\www\inventaris\inventaris\app\Controllers\ManajemenUser.php(26): view('manajemenuser', Array)
#5 E:\laragon\www\inventaris\inventaris\system\CodeIgniter.php(834): App\Controllers\ManajemenUser->index()
#6 E:\laragon\www\inventaris\inventaris\system\CodeIgniter.php(421): CodeIgniter\CodeIgniter->runController(Object(App\Controllers\ManajemenUser))
#7 E:\laragon\www\inventaris\inventaris\system\CodeIgniter.php(328): CodeIgniter\CodeIgniter->handleRequest(NULL, Object(Config\Cache), false)
#8 E:\laragon\www\inventaris\inventaris\public\index.php(37): CodeIgniter\CodeIgniter->run()
#9 E:\laragon\www\inventaris\inventaris\system\Commands\Server\rewrite.php(43): require_once('E:\\laragon\\www\\...')
#10 {main}
CRITICAL - 2024-05-02 04:52:36 --> Cannot use object of type stdClass as array
#0 E:\laragon\www\inventaris\inventaris\system\View\View.php(210): include()
#1 E:\laragon\www\inventaris\inventaris\system\View\View.php(213): CodeIgniter\View\View->CodeIgniter\View\{closure}()
#2 E:\laragon\www\inventaris\inventaris\system\Common.php(1089): CodeIgniter\View\View->render('manajemenuser', Array, true)
#3 E:\laragon\www\inventaris\inventaris\app\Controllers\ManajemenUser.php(26): view('manajemenuser', Array)
#4 E:\laragon\www\inventaris\inventaris\system\CodeIgniter.php(834): App\Controllers\ManajemenUser->index()
#5 E:\laragon\www\inventaris\inventaris\system\CodeIgniter.php(421): CodeIgniter\CodeIgniter->runController(Object(App\Controllers\ManajemenUser))
#6 E:\laragon\www\inventaris\inventaris\system\CodeIgniter.php(328): CodeIgniter\CodeIgniter->handleRequest(NULL, Object(Config\Cache), false)
#7 E:\laragon\www\inventaris\inventaris\public\index.php(37): CodeIgniter\CodeIgniter->run()
#8 E:\laragon\www\inventaris\inventaris\system\Commands\Server\rewrite.php(43): require_once('E:\\laragon\\www\\...')
#9 {main}
CRITICAL - 2024-05-02 04:53:42 --> Cannot use object of type stdClass as array
#0 E:\laragon\www\inventaris\inventaris\system\View\View.php(210): include()
#1 E:\laragon\www\inventaris\inventaris\system\View\View.php(213): CodeIgniter\View\View->CodeIgniter\View\{closure}()
#2 E:\laragon\www\inventaris\inventaris\system\Common.php(1089): CodeIgniter\View\View->render('manajemenuser', Array, true)
#3 E:\laragon\www\inventaris\inventaris\app\Controllers\ManajemenUser.php(26): view('manajemenuser', Array)
#4 E:\laragon\www\inventaris\inventaris\system\CodeIgniter.php(834): App\Controllers\ManajemenUser->index()
#5 E:\laragon\www\inventaris\inventaris\system\CodeIgniter.php(421): CodeIgniter\CodeIgniter->runController(Object(App\Controllers\ManajemenUser))
#6 E:\laragon\www\inventaris\inventaris\system\CodeIgniter.php(328): CodeIgniter\CodeIgniter->handleRequest(NULL, Object(Config\Cache), false)
#7 E:\laragon\www\inventaris\inventaris\public\index.php(37): CodeIgniter\CodeIgniter->run()
#8 E:\laragon\www\inventaris\inventaris\system\Commands\Server\rewrite.php(43): require_once('E:\\laragon\\www\\...')
#9 {main}
CRITICAL - 2024-05-02 04:54:19 --> Undefined variable $akun_user
#0 E:\laragon\www\inventaris\inventaris\app\Views\manajemenuser.php(72): CodeIgniter\Debug\Exceptions->errorHandler(2, 'Undefined varia...', 'E:\\laragon\\www\\...', 72)
#1 E:\laragon\www\inventaris\inventaris\system\View\View.php(210): include('E:\\laragon\\www\\...')
#2 E:\laragon\www\inventaris\inventaris\system\View\View.php(213): CodeIgniter\View\View->CodeIgniter\View\{closure}()
#3 E:\laragon\www\inventaris\inventaris\system\Common.php(1089): CodeIgniter\View\View->render('manajemenuser', Array, true)
#4 E:\laragon\www\inventaris\inventaris\app\Controllers\ManajemenUser.php(26): view('manajemenuser', Array)
#5 E:\laragon\www\inventaris\inventaris\system\CodeIgniter.php(834): App\Controllers\ManajemenUser->index()
#6 E:\laragon\www\inventaris\inventaris\system\CodeIgniter.php(421): CodeIgniter\CodeIgniter->runController(Object(App\Controllers\ManajemenUser))
#7 E:\laragon\www\inventaris\inventaris\system\CodeIgniter.php(328): CodeIgniter\CodeIgniter->handleRequest(NULL, Object(Config\Cache), false)
#8 E:\laragon\www\inventaris\inventaris\public\index.php(37): CodeIgniter\CodeIgniter->run()
#9 E:\laragon\www\inventaris\inventaris\system\Commands\Server\rewrite.php(43): require_once('E:\\laragon\\www\\...')
#10 {main}
CRITICAL - 2024-05-02 04:55:07 --> Undefined variable $i
#0 E:\laragon\www\inventaris\inventaris\app\Views\manajemenuser.php(60): CodeIgniter\Debug\Exceptions->errorHandler(2, 'Undefined varia...', 'E:\\laragon\\www\\...', 60)
#1 E:\laragon\www\inventaris\inventaris\system\View\View.php(210): include('E:\\laragon\\www\\...')
#2 E:\laragon\www\inventaris\inventaris\system\View\View.php(213): CodeIgniter\View\View->CodeIgniter\View\{closure}()
#3 E:\laragon\www\inventaris\inventaris\system\Common.php(1089): CodeIgniter\View\View->render('manajemenuser', Array, true)
#4 E:\laragon\www\inventaris\inventaris\app\Controllers\ManajemenUser.php(26): view('manajemenuser', Array)
#5 E:\laragon\www\inventaris\inventaris\system\CodeIgniter.php(834): App\Controllers\ManajemenUser->index()
#6 E:\laragon\www\inventaris\inventaris\system\CodeIgniter.php(421): CodeIgniter\CodeIgniter->runController(Object(App\Controllers\ManajemenUser))
#7 E:\laragon\www\inventaris\inventaris\system\CodeIgniter.php(328): CodeIgniter\CodeIgniter->handleRequest(NULL, Object(Config\Cache), false)
#8 E:\laragon\www\inventaris\inventaris\public\index.php(37): CodeIgniter\CodeIgniter->run()
#9 E:\laragon\www\inventaris\inventaris\system\Commands\Server\rewrite.php(43): require_once('E:\\laragon\\www\\...')
#10 {main}
CRITICAL - 2024-05-02 05:02:01 --> Undefined variable $flash
#0 E:\laragon\www\inventaris\inventaris\app\Views\createUser.php(37): CodeIgniter\Debug\Exceptions->errorHandler(2, 'Undefined varia...', 'E:\\laragon\\www\\...', 37)
#1 E:\laragon\www\inventaris\inventaris\system\View\View.php(210): include('E:\\laragon\\www\\...')
#2 E:\laragon\www\inventaris\inventaris\system\View\View.php(213): CodeIgniter\View\View->CodeIgniter\View\{closure}()
#3 E:\laragon\www\inventaris\inventaris\system\Common.php(1089): CodeIgniter\View\View->render('createuser', Array, true)
#4 E:\laragon\www\inventaris\inventaris\app\Controllers\ManajemenUser.php(30): view('createuser')
#5 E:\laragon\www\inventaris\inventaris\system\CodeIgniter.php(834): App\Controllers\ManajemenUser->createuser()
#6 E:\laragon\www\inventaris\inventaris\system\CodeIgniter.php(421): CodeIgniter\CodeIgniter->runController(Object(App\Controllers\ManajemenUser))
#7 E:\laragon\www\inventaris\inventaris\system\CodeIgniter.php(328): CodeIgniter\CodeIgniter->handleRequest(NULL, Object(Config\Cache), false)
#8 E:\laragon\www\inventaris\inventaris\public\index.php(37): CodeIgniter\CodeIgniter->run()
#9 E:\laragon\www\inventaris\inventaris\system\Commands\Server\rewrite.php(43): require_once('E:\\laragon\\www\\...')
#10 {main}
CRITICAL - 2024-05-02 05:14:28 --> Undefined variable $flash
#0 E:\laragon\www\inventaris\inventaris\app\Views\createUser.php(37): CodeIgniter\Debug\Exceptions->errorHandler(2, 'Undefined varia...', 'E:\\laragon\\www\\...', 37)
#1 E:\laragon\www\inventaris\inventaris\system\View\View.php(210): include('E:\\laragon\\www\\...')
#2 E:\laragon\www\inventaris\inventaris\system\View\View.php(213): CodeIgniter\View\View->CodeIgniter\View\{closure}()
#3 E:\laragon\www\inventaris\inventaris\system\Common.php(1089): CodeIgniter\View\View->render('createuser', Array, true)
#4 E:\laragon\www\inventaris\inventaris\app\Controllers\ManajemenUser.php(30): view('createuser')
#5 E:\laragon\www\inventaris\inventaris\system\CodeIgniter.php(834): App\Controllers\ManajemenUser->createuser()
#6 E:\laragon\www\inventaris\inventaris\system\CodeIgniter.php(421): CodeIgniter\CodeIgniter->runController(Object(App\Controllers\ManajemenUser))
#7 E:\laragon\www\inventaris\inventaris\system\CodeIgniter.php(328): CodeIgniter\CodeIgniter->handleRequest(NULL, Object(Config\Cache), false)
#8 E:\laragon\www\inventaris\inventaris\public\index.php(37): CodeIgniter\CodeIgniter->run()
#9 E:\laragon\www\inventaris\inventaris\system\Commands\Server\rewrite.php(43): require_once('E:\\laragon\\www\\...')
#10 {main}
CRITICAL - 2024-05-02 05:15:00 --> count(): Argument #1 ($value) must be of type Countable|array, null given
#0 E:\laragon\www\inventaris\inventaris\system\View\View.php(210): include()
#1 E:\laragon\www\inventaris\inventaris\system\View\View.php(213): CodeIgniter\View\View->CodeIgniter\View\{closure}()
#2 E:\laragon\www\inventaris\inventaris\system\Common.php(1089): CodeIgniter\View\View->render('createuser', Array, true)
#3 E:\laragon\www\inventaris\inventaris\app\Controllers\ManajemenUser.php(30): view('createuser')
#4 E:\laragon\www\inventaris\inventaris\system\CodeIgniter.php(834): App\Controllers\ManajemenUser->createuser()
#5 E:\laragon\www\inventaris\inventaris\system\CodeIgniter.php(421): CodeIgniter\CodeIgniter->runController(Object(App\Controllers\ManajemenUser))
#6 E:\laragon\www\inventaris\inventaris\system\CodeIgniter.php(328): CodeIgniter\CodeIgniter->handleRequest(NULL, Object(Config\Cache), false)
#7 E:\laragon\www\inventaris\inventaris\public\index.php(37): CodeIgniter\CodeIgniter->run()
#8 E:\laragon\www\inventaris\inventaris\system\Commands\Server\rewrite.php(43): require_once('E:\\laragon\\www\\...')
#9 {main}
CRITICAL - 2024-05-02 05:16:47 --> Undefined variable $title
#0 E:\laragon\www\inventaris\inventaris\app\Views\header.php(12): CodeIgniter\Debug\Exceptions->errorHandler(2, 'Undefined varia...', 'E:\\laragon\\www\\...', 12)
#1 E:\laragon\www\inventaris\inventaris\system\View\View.php(210): include('E:\\laragon\\www\\...')
#2 E:\laragon\www\inventaris\inventaris\system\View\View.php(213): CodeIgniter\View\View->CodeIgniter\View\{closure}()
#3 E:\laragon\www\inventaris\inventaris\system\View\View.php(226): CodeIgniter\View\View->render('header', Array, true)
#4 E:\laragon\www\inventaris\inventaris\system\Common.php(1089): CodeIgniter\View\View->render('createuser', Array, true)
#5 E:\laragon\www\inventaris\inventaris\app\Controllers\ManajemenUser.php(30): view('createuser')
#6 E:\laragon\www\inventaris\inventaris\system\CodeIgniter.php(834): App\Controllers\ManajemenUser->createuser()
#7 E:\laragon\www\inventaris\inventaris\system\CodeIgniter.php(421): CodeIgniter\CodeIgniter->runController(Object(App\Controllers\ManajemenUser))
#8 E:\laragon\www\inventaris\inventaris\system\CodeIgniter.php(328): CodeIgniter\CodeIgniter->handleRequest(NULL, Object(Config\Cache), false)
#9 E:\laragon\www\inventaris\inventaris\public\index.php(37): CodeIgniter\CodeIgniter->run()
#10 E:\laragon\www\inventaris\inventaris\system\Commands\Server\rewrite.php(43): require_once('E:\\laragon\\www\\...')
#11 {main}
CRITICAL - 2024-05-02 05:17:23 --> Invalid file: {0}
#0 E:\laragon\www\inventaris\inventaris\system\View\View.php(198): CodeIgniter\Exceptions\FrameworkException::forInvalidFile('createuser,data...')
#1 E:\laragon\www\inventaris\inventaris\system\Common.php(1089): CodeIgniter\View\View->render('createuser,data', Array, true)
#2 E:\laragon\www\inventaris\inventaris\app\Controllers\ManajemenUser.php(34): view('createuser,data')
#3 E:\laragon\www\inventaris\inventaris\system\CodeIgniter.php(834): App\Controllers\ManajemenUser->createuser()
#4 E:\laragon\www\inventaris\inventaris\system\CodeIgniter.php(421): CodeIgniter\CodeIgniter->runController(Object(App\Controllers\ManajemenUser))
#5 E:\laragon\www\inventaris\inventaris\system\CodeIgniter.php(328): CodeIgniter\CodeIgniter->handleRequest(NULL, Object(Config\Cache), false)
#6 E:\laragon\www\inventaris\inventaris\public\index.php(37): CodeIgniter\CodeIgniter->run()
#7 E:\laragon\www\inventaris\inventaris\system\Commands\Server\rewrite.php(43): require_once('E:\\laragon\\www\\...')
#8 {main}
CRITICAL - 2024-05-02 05:39:11 --> syntax error, unexpected string content "manajemenuser));"
#0 E:\laragon\www\inventaris\inventaris\system\Router\Router.php(175): CodeIgniter\Router\Router->autoRoute('manajemenuser/c...')
#1 E:\laragon\www\inventaris\inventaris\system\CodeIgniter.php(728): CodeIgniter\Router\Router->handle('manajemenuser/c...')
#2 E:\laragon\www\inventaris\inventaris\system\CodeIgniter.php(370): CodeIgniter\CodeIgniter->tryToRouteIt(Object(CodeIgniter\Router\RouteCollection))
#3 E:\laragon\www\inventaris\inventaris\system\CodeIgniter.php(328): CodeIgniter\CodeIgniter->handleRequest(NULL, Object(Config\Cache), false)
#4 E:\laragon\www\inventaris\inventaris\public\index.php(37): CodeIgniter\CodeIgniter->run()
#5 E:\laragon\www\inventaris\inventaris\system\Commands\Server\rewrite.php(43): require_once('E:\\laragon\\www\\...')
#6 {main}
CRITICAL - 2024-05-02 05:41:11 --> Undefined constant "App\Controllers\request"
#0 E:\laragon\www\inventaris\inventaris\system\CodeIgniter.php(834): App\Controllers\ManajemenUser->add_user()
#1 E:\laragon\www\inventaris\inventaris\system\CodeIgniter.php(421): CodeIgniter\CodeIgniter->runController(Object(App\Controllers\ManajemenUser))
#2 E:\laragon\www\inventaris\inventaris\system\CodeIgniter.php(328): CodeIgniter\CodeIgniter->handleRequest(NULL, Object(Config\Cache), false)
#3 E:\laragon\www\inventaris\inventaris\public\index.php(37): CodeIgniter\CodeIgniter->run()
#4 E:\laragon\www\inventaris\inventaris\system\Commands\Server\rewrite.php(43): require_once('E:\\laragon\\www\\...')
#5 {main}
ERROR - 2024-05-02 05:41:38 --> You have an error in your SQL syntax; check the manual that corresponds to your MySQL server version for the right syntax to use near '0, 1, 2) VALUES (:0:, :1:, :2:)' at line 1
CRITICAL - 2024-05-02 05:41:38 --> You have an error in your SQL syntax; check the manual that corresponds to your MySQL server version for the right syntax to use near '0, 1, 2) VALUES (:0:, :1:, :2:)' at line 1
#0 E:\laragon\www\inventaris\inventaris\system\Database\MySQLi\Connection.php(292): mysqli->query('INSERT INTO `tb...', 0)
#1 E:\laragon\www\inventaris\inventaris\system\Database\BaseConnection.php(670): CodeIgniter\Database\MySQLi\Connection->execute('INSERT INTO `tb...')
#2 E:\laragon\www\inventaris\inventaris\system\Database\BaseConnection.php(598): CodeIgniter\Database\BaseConnection->simpleQuery('INSERT INTO `tb...')
#3 E:\laragon\www\inventaris\inventaris\system\Database\BaseBuilder.php(1771): CodeIgniter\Database\BaseConnection->query('INSERT INTO `tb...', Array, false)
#4 E:\laragon\www\inventaris\inventaris\app\Models\Akun_model.php(19): CodeIgniter\Database\BaseBuilder->insert(Array)
#5 E:\laragon\www\inventaris\inventaris\app\Controllers\ManajemenUser.php(81): App\Models\Akun_model->add_akun(Array)
#6 E:\laragon\www\inventaris\inventaris\system\CodeIgniter.php(834): App\Controllers\ManajemenUser->add_user()
#7 E:\laragon\www\inventaris\inventaris\system\CodeIgniter.php(421): CodeIgniter\CodeIgniter->runController(Object(App\Controllers\ManajemenUser))
#8 E:\laragon\www\inventaris\inventaris\system\CodeIgniter.php(328): CodeIgniter\CodeIgniter->handleRequest(NULL, Object(Config\Cache), false)
#9 E:\laragon\www\inventaris\inventaris\public\index.php(37): CodeIgniter\CodeIgniter->run()
#10 E:\laragon\www\inventaris\inventaris\system\Commands\Server\rewrite.php(43): require_once('E:\\laragon\\www\\...')
#11 {main}
CRITICAL - 2024-05-02 05:42:59 --> Attempt to read property "nama" on array
#0 E:\laragon\www\inventaris\inventaris\app\Models\Akun_model.php(19): CodeIgniter\Debug\Exceptions->errorHandler(2, 'Attempt to read...', 'E:\\laragon\\www\\...', 19)
#1 E:\laragon\www\inventaris\inventaris\app\Controllers\ManajemenUser.php(59): App\Models\Akun_model->add_akun(Array)
#2 E:\laragon\www\inventaris\inventaris\system\CodeIgniter.php(834): App\Controllers\ManajemenUser->add_user()
#3 E:\laragon\www\inventaris\inventaris\system\CodeIgniter.php(421): CodeIgniter\CodeIgniter->runController(Object(App\Controllers\ManajemenUser))
#4 E:\laragon\www\inventaris\inventaris\system\CodeIgniter.php(328): CodeIgniter\CodeIgniter->handleRequest(NULL, Object(Config\Cache), false)
#5 E:\laragon\www\inventaris\inventaris\public\index.php(37): CodeIgniter\CodeIgniter->run()
#6 E:\laragon\www\inventaris\inventaris\system\Commands\Server\rewrite.php(43): require_once('E:\\laragon\\www\\...')
#7 {main}
ERROR - 2024-05-02 05:49:49 --> Cannot delete or update a parent row: a foreign key constraint fails (`db_inventaris`.`tb_barang`, CONSTRAINT `fk_barang_user` FOREIGN KEY (`id_user`) REFERENCES `tb_user` (`id_user`) ON UPDATE CASCADE)
CRITICAL - 2024-05-02 05:49:49 --> Cannot delete or update a parent row: a foreign key constraint fails (`db_inventaris`.`tb_barang`, CONSTRAINT `fk_barang_user` FOREIGN KEY (`id_user`) REFERENCES `tb_user` (`id_user`) ON UPDATE CASCADE)
#0 E:\laragon\www\inventaris\inventaris\system\Database\MySQLi\Connection.php(292): mysqli->query('DELETE FROM `tb...', 0)
#1 E:\laragon\www\inventaris\inventaris\system\Database\BaseConnection.php(670): CodeIgniter\Database\MySQLi\Connection->execute('DELETE FROM `tb...')
#2 E:\laragon\www\inventaris\inventaris\system\Database\BaseConnection.php(598): CodeIgniter\Database\BaseConnection->simpleQuery('DELETE FROM `tb...')
#3 E:\laragon\www\inventaris\inventaris\system\Database\BaseBuilder.php(2225): CodeIgniter\Database\BaseConnection->query('DELETE FROM `tb...', Array, false)
#4 E:\laragon\www\inventaris\inventaris\app\Models\Akun_model.php(26): CodeIgniter\Database\BaseBuilder->delete()
#5 E:\laragon\www\inventaris\inventaris\app\Controllers\ManajemenUser.php(72): App\Models\Akun_model->delete_user('1')
#6 E:\laragon\www\inventaris\inventaris\system\CodeIgniter.php(834): App\Controllers\ManajemenUser->hapus('1')
#7 E:\laragon\www\inventaris\inventaris\system\CodeIgniter.php(421): CodeIgniter\CodeIgniter->runController(Object(App\Controllers\ManajemenUser))
#8 E:\laragon\www\inventaris\inventaris\system\CodeIgniter.php(328): CodeIgniter\CodeIgniter->handleRequest(NULL, Object(Config\Cache), false)
#9 E:\laragon\www\inventaris\inventaris\public\index.php(37): CodeIgniter\CodeIgniter->run()
#10 E:\laragon\www\inventaris\inventaris\system\Commands\Server\rewrite.php(43): require_once('E:\\laragon\\www\\...')
#11 {main}
