CRITICAL - 2024-05-17 03:34:23 --> Undefined array key "id_barang"
#0 E:\laragon\www\inventaris\inventaris\app\Views\barang\barang.php(36): CodeIgniter\Debug\Exceptions->errorHandler(2, 'Undefined array...', 'E:\\laragon\\www\\...', 36)
#1 E:\laragon\www\inventaris\inventaris\system\View\View.php(210): include('E:\\laragon\\www\\...')
#2 E:\laragon\www\inventaris\inventaris\system\View\View.php(213): CodeIgniter\View\View->CodeIgniter\View\{closure}()
#3 E:\laragon\www\inventaris\inventaris\system\Common.php(1089): CodeIgniter\View\View->render('barang/barang', Array, true)
#4 E:\laragon\www\inventaris\inventaris\app\Controllers\Barang.php(43): view('barang/barang', Array)
#5 E:\laragon\www\inventaris\inventaris\system\CodeIgniter.php(834): App\Controllers\Barang->index()
#6 E:\laragon\www\inventaris\inventaris\system\CodeIgniter.php(421): CodeIgniter\CodeIgniter->runController(Object(App\Controllers\Barang))
#7 E:\laragon\www\inventaris\inventaris\system\CodeIgniter.php(328): CodeIgniter\CodeIgniter->handleRequest(NULL, Object(Config\Cache), false)
#8 E:\laragon\www\inventaris\inventaris\public\index.php(37): CodeIgniter\CodeIgniter->run()
#9 E:\laragon\www\inventaris\inventaris\system\Commands\Server\rewrite.php(43): require_once('E:\\laragon\\www\\...')
#10 {main}
CRITICAL - 2024-05-17 03:42:25 --> Undefined variable $barangs
#0 E:\laragon\www\inventaris\inventaris\app\Views\barangmasuk\masuk.php(71): CodeIgniter\Debug\Exceptions->errorHandler(2, 'Undefined varia...', 'E:\\laragon\\www\\...', 71)
#1 E:\laragon\www\inventaris\inventaris\system\View\View.php(210): include('E:\\laragon\\www\\...')
#2 E:\laragon\www\inventaris\inventaris\system\View\View.php(213): CodeIgniter\View\View->CodeIgniter\View\{closure}()
#3 E:\laragon\www\inventaris\inventaris\system\Common.php(1089): CodeIgniter\View\View->render('barangmasuk/mas...', Array, true)
#4 E:\laragon\www\inventaris\inventaris\app\Controllers\BarangMasuk.php(74): view('barangmasuk/mas...', Array)
#5 E:\laragon\www\inventaris\inventaris\system\CodeIgniter.php(834): App\Controllers\BarangMasuk->index()
#6 E:\laragon\www\inventaris\inventaris\system\CodeIgniter.php(421): CodeIgniter\CodeIgniter->runController(Object(App\Controllers\BarangMasuk))
#7 E:\laragon\www\inventaris\inventaris\system\CodeIgniter.php(328): CodeIgniter\CodeIgniter->handleRequest(NULL, Object(Config\Cache), false)
#8 E:\laragon\www\inventaris\inventaris\public\index.php(37): CodeIgniter\CodeIgniter->run()
#9 E:\laragon\www\inventaris\inventaris\system\Commands\Server\rewrite.php(43): require_once('E:\\laragon\\www\\...')
#10 {main}
ERROR - 2024-05-17 03:43:44 --> Cannot delete or update a parent row: a foreign key constraint fails (`db_inventaris`.`tb_barang`, CONSTRAINT `fk_barang_user` FOREIGN KEY (`id_user`) REFERENCES `tb_user` (`id_user`) ON UPDATE CASCADE)
CRITICAL - 2024-05-17 03:43:44 --> Cannot delete or update a parent row: a foreign key constraint fails (`db_inventaris`.`tb_barang`, CONSTRAINT `fk_barang_user` FOREIGN KEY (`id_user`) REFERENCES `tb_user` (`id_user`) ON UPDATE CASCADE)
#0 E:\laragon\www\inventaris\inventaris\system\Database\MySQLi\Connection.php(292): mysqli->query('DELETE FROM `tb...', 0)
#1 E:\laragon\www\inventaris\inventaris\system\Database\BaseConnection.php(670): CodeIgniter\Database\MySQLi\Connection->execute('DELETE FROM `tb...')
#2 E:\laragon\www\inventaris\inventaris\system\Database\BaseConnection.php(598): CodeIgniter\Database\BaseConnection->simpleQuery('DELETE FROM `tb...')
#3 E:\laragon\www\inventaris\inventaris\system\Database\BaseBuilder.php(2225): CodeIgniter\Database\BaseConnection->query('DELETE FROM `tb...', Array, false)
#4 E:\laragon\www\inventaris\inventaris\app\Models\Akun_model.php(26): CodeIgniter\Database\BaseBuilder->delete()
#5 E:\laragon\www\inventaris\inventaris\app\Controllers\ManajemenUser.php(72): App\Models\Akun_model->delete_user('1')
#6 E:\laragon\www\inventaris\inventaris\system\CodeIgniter.php(834): App\Controllers\ManajemenUser->hapus('1')
#7 E:\laragon\www\inventaris\inventaris\system\CodeIgniter.php(421): CodeIgniter\CodeIgniter->runController(Object(App\Controllers\ManajemenUser))
#8 E:\laragon\www\inventaris\inventaris\system\CodeIgniter.php(328): CodeIgniter\CodeIgniter->handleRequest(NULL, Object(Config\Cache), false)
#9 E:\laragon\www\inventaris\inventaris\public\index.php(37): CodeIgniter\CodeIgniter->run()
#10 E:\laragon\www\inventaris\inventaris\system\Commands\Server\rewrite.php(43): require_once('E:\\laragon\\www\\...')
#11 {main}
CRITICAL - 2024-05-17 05:00:34 --> syntax error, unexpected token "?"
#0 E:\laragon\www\inventaris\inventaris\system\View\View.php(213): CodeIgniter\View\View->CodeIgniter\View\{closure}()
#1 E:\laragon\www\inventaris\inventaris\system\Common.php(1089): CodeIgniter\View\View->render('barangmasuk/mas...', Array, true)
#2 E:\laragon\www\inventaris\inventaris\app\Controllers\BarangMasuk.php(74): view('barangmasuk/mas...', Array)
#3 E:\laragon\www\inventaris\inventaris\system\CodeIgniter.php(834): App\Controllers\BarangMasuk->index()
#4 E:\laragon\www\inventaris\inventaris\system\CodeIgniter.php(421): CodeIgniter\CodeIgniter->runController(Object(App\Controllers\BarangMasuk))
#5 E:\laragon\www\inventaris\inventaris\system\CodeIgniter.php(328): CodeIgniter\CodeIgniter->handleRequest(NULL, Object(Config\Cache), false)
#6 E:\laragon\www\inventaris\inventaris\public\index.php(37): CodeIgniter\CodeIgniter->run()
#7 E:\laragon\www\inventaris\inventaris\system\Commands\Server\rewrite.php(43): require_once('E:\\laragon\\www\\...')
#8 {main}
